<?xml version="1.0" encoding="utf-8"?>
<CoverageSession>
  <Summary numSequencePoints="173" visitedSequencePoints="164" numBranchPoints="20" visitedBranchPoints="18" sequenceCoverage="94.79" branchCoverage="90" maxCyclomaticComplexity="35" minCyclomaticComplexity="35" visitedClasses="7" numClasses="7" visitedMethods="23" numMethods="23" />
  <Modules>
    <Module hash="94876E9A-7A32-4628-A3EC-FA6752F1D111">
      <ModulePath>TaskFlow.Api.dll</ModulePath>
      <ModuleTime>2026-04-13T01:36:05</ModuleTime>
      <ModuleName>TaskFlow.Api</ModuleName>
      <Files>
        <File uid="1" fullPath="/Users/thassyaabreu/Documents/INFNET/taskflow-api/src/TaskFlow.Api/Program.cs" />
        <File uid="2" fullPath="/Users/thassyaabreu/Documents/INFNET/taskflow-api/src/TaskFlow.Api/Services/TaskService.cs" />
        <File uid="3" fullPath="/Users/thassyaabreu/Documents/INFNET/taskflow-api/src/TaskFlow.Api/Repositories/InMemory/InMemoryTaskRepository.cs" />
        <File uid="4" fullPath="/Users/thassyaabreu/Documents/INFNET/taskflow-api/src/TaskFlow.Api/Endpoints/TaskEndpoints.cs" />
        <File uid="5" fullPath="/Users/thassyaabreu/Documents/INFNET/taskflow-api/src/TaskFlow.Api/Domain/TaskItem.cs" />
        <File uid="6" fullPath="/Users/thassyaabreu/Documents/INFNET/taskflow-api/src/TaskFlow.Api/Contracts/CreateTaskRequest.cs" />
        <File uid="7" fullPath="/Users/thassyaabreu/Documents/INFNET/taskflow-api/src/TaskFlow.Api/Contracts/UpdateTaskRequest.cs" />
      </Files>
      <Classes>
        <Class>
          <Summary numSequencePoints="15" visitedSequencePoints="15" numBranchPoints="2" visitedBranchPoints="2" sequenceCoverage="100" branchCoverage="100" maxCyclomaticComplexity="2" minCyclomaticComplexity="2" visitedClasses="1" numClasses="1" visitedMethods="1" numMethods="1" />
          <FullName>Program</FullName>
          <Methods>
            <Method cyclomaticComplexity="2" nPathComplexity="2" sequenceCoverage="100" branchCoverage="100" isConstructor="False" isGetter="False" isSetter="False" isStatic="True">
              <Summary numSequencePoints="15" visitedSequencePoints="15" numBranchPoints="2" visitedBranchPoints="2" sequenceCoverage="100" branchCoverage="100" maxCyclomaticComplexity="2" minCyclomaticComplexity="2" visitedClasses="0" numClasses="0" visitedMethods="1" numMethods="1" />
              <MetadataToken />
              <Name>System.Void Program::&lt;Main&gt;$(System.String[])</Name>
              <FileRef uid="1" />
              <SequencePoints>
                <SequencePoint vc="11" uspid="6" ordinal="0" sl="6" sc="1" el="6" ec="2" bec="0" bev="0" fileid="1" />
                <SequencePoint vc="11" uspid="10" ordinal="1" sl="10" sc="1" el="10" ec="2" bec="0" bev="0" fileid="1" />
                <SequencePoint vc="11" uspid="11" ordinal="2" sl="11" sc="1" el="11" ec="2" bec="0" bev="0" fileid="1" />
                <SequencePoint vc="11" uspid="13" ordinal="3" sl="13" sc="1" el="13" ec="2" bec="0" bev="0" fileid="1" />
                <SequencePoint vc="11" uspid="14" ordinal="4" sl="14" sc="1" el="14" ec="2" bec="0" bev="0" fileid="1" />
                <SequencePoint vc="11" uspid="16" ordinal="5" sl="16" sc="1" el="16" ec="2" bec="0" bev="0" fileid="1" />
                <SequencePoint vc="11" uspid="19" ordinal="6" sl="19" sc="1" el="19" ec="2" bec="2" bev="2" fileid="1" />
                <SequencePoint vc="11" uspid="20" ordinal="7" sl="20" sc="1" el="20" ec="2" bec="0" bev="0" fileid="1" />
                <SequencePoint vc="11" uspid="21" ordinal="8" sl="21" sc="1" el="21" ec="2" bec="0" bev="0" fileid="1" />
                <SequencePoint vc="11" uspid="22" ordinal="9" sl="22" sc="1" el="22" ec="2" bec="0" bev="0" fileid="1" />
                <SequencePoint vc="11" uspid="23" ordinal="10" sl="23" sc="1" el="23" ec="2" bec="0" bev="0" fileid="1" />
                <SequencePoint vc="11" uspid="25" ordinal="11" sl="25" sc="1" el="25" ec="2" bec="0" bev="0" fileid="1" />
                <SequencePoint vc="11" uspid="27" ordinal="12" sl="27" sc="1" el="27" ec="2" bec="0" bev="0" fileid="1" />
                <SequencePoint vc="11" uspid="29" ordinal="13" sl="29" sc="1" el="29" ec="2" bec="0" bev="0" fileid="1" />
                <SequencePoint vc="11" uspid="31" ordinal="14" sl="31" sc="1" el="31" ec="2" bec="0" bev="0" fileid="1" />
              </SequencePoints>
              <BranchPoints>
                <BranchPoint vc="11" uspid="19" ordinal="0" path="0" offset="76" offsetend="78" sl="19" fileid="1" />
                <BranchPoint vc="11" uspid="19" ordinal="1" path="1" offset="76" offsetend="96" sl="19" fileid="1" />
              </BranchPoints>
              <MethodPoint vc="15" uspid="0" p8:type="SequencePoint" ordinal="0" offset="0" sc="0" sl="6" ec="1" el="31" bec="0" bev="0" fileid="1" xmlns:p8="xsi" />
            </Method>
          </Methods>
        </Class>
        <Class>
          <Summary numSequencePoints="53" visitedSequencePoints="53" numBranchPoints="10" visitedBranchPoints="10" sequenceCoverage="100" branchCoverage="100" maxCyclomaticComplexity="4" minCyclomaticComplexity="1" visitedClasses="1" numClasses="1" visitedMethods="7" numMethods="7" />
          <FullName>TaskFlow.Api.Services.TaskService</FullName>
          <Methods>
            <Method cyclomaticComplexity="2" nPathComplexity="2" sequenceCoverage="100" branchCoverage="100" isConstructor="False" isGetter="False" isSetter="False" isStatic="True">
              <Summary numSequencePoints="14" visitedSequencePoints="14" numBranchPoints="2" visitedBranchPoints="2" sequenceCoverage="100" branchCoverage="100" maxCyclomaticComplexity="2" minCyclomaticComplexity="2" visitedClasses="0" numClasses="0" visitedMethods="1" numMethods="1" />
              <MetadataToken />
              <Name>TaskFlow.Api.Domain.TaskItem TaskFlow.Api.Services.TaskService::CreateTask(System.String,System.String)</Name>
              <FileRef uid="2" />
              <SequencePoints>
                <SequencePoint vc="23" uspid="17" ordinal="0" sl="17" sc="1" el="17" ec="2" bec="0" bev="0" fileid="2" />
                <SequencePoint vc="23" uspid="18" ordinal="1" sl="18" sc="1" el="18" ec="2" bec="2" bev="2" fileid="2" />
                <SequencePoint vc="3" uspid="19" ordinal="2" sl="19" sc="1" el="19" ec="2" bec="0" bev="0" fileid="2" />
                <SequencePoint vc="3" uspid="20" ordinal="3" sl="20" sc="1" el="20" ec="2" bec="0" bev="0" fileid="2" />
                <SequencePoint vc="20" uspid="23" ordinal="4" sl="23" sc="1" el="23" ec="2" bec="0" bev="0" fileid="2" />
                <SequencePoint vc="20" uspid="24" ordinal="5" sl="24" sc="1" el="24" ec="2" bec="0" bev="0" fileid="2" />
                <SequencePoint vc="20" uspid="25" ordinal="6" sl="25" sc="1" el="25" ec="2" bec="0" bev="0" fileid="2" />
                <SequencePoint vc="20" uspid="26" ordinal="7" sl="26" sc="1" el="26" ec="2" bec="0" bev="0" fileid="2" />
                <SequencePoint vc="20" uspid="27" ordinal="8" sl="27" sc="1" el="27" ec="2" bec="0" bev="0" fileid="2" />
                <SequencePoint vc="20" uspid="28" ordinal="9" sl="28" sc="1" el="28" ec="2" bec="0" bev="0" fileid="2" />
                <SequencePoint vc="20" uspid="29" ordinal="10" sl="29" sc="1" el="29" ec="2" bec="0" bev="0" fileid="2" />
                <SequencePoint vc="20" uspid="31" ordinal="11" sl="31" sc="1" el="31" ec="2" bec="0" bev="0" fileid="2" />
                <SequencePoint vc="20" uspid="33" ordinal="12" sl="33" sc="1" el="33" ec="2" bec="0" bev="0" fileid="2" />
                <SequencePoint vc="20" uspid="34" ordinal="13" sl="34" sc="1" el="34" ec="2" bec="0" bev="0" fileid="2" />
              </SequencePoints>
              <BranchPoints>
                <BranchPoint vc="3" uspid="18" ordinal="0" path="0" offset="9" offsetend="11" sl="18" fileid="2" />
                <BranchPoint vc="20" uspid="18" ordinal="1" path="1" offset="9" offsetend="23" sl="18" fileid="2" />
              </BranchPoints>
              <MethodPoint vc="14" uspid="0" p8:type="SequencePoint" ordinal="0" offset="0" sc="0" sl="17" ec="1" el="34" bec="0" bev="0" fileid="2" xmlns:p8="xsi" />
            </Method>
            <Method cyclomaticComplexity="1" nPathComplexity="1" sequenceCoverage="100" branchCoverage="100" isConstructor="False" isGetter="False" isSetter="False" isStatic="True">
              <Summary numSequencePoints="3" visitedSequencePoints="3" numBranchPoints="0" visitedBranchPoints="0" sequenceCoverage="100" branchCoverage="100" maxCyclomaticComplexity="1" minCyclomaticComplexity="1" visitedClasses="0" numClasses="0" visitedMethods="1" numMethods="1" />
              <MetadataToken />
              <Name>System.Collections.Generic.IList`1&lt;TaskFlow.Api.Domain.TaskItem&gt; TaskFlow.Api.Services.TaskService::GetAllTasks()</Name>
              <FileRef uid="2" />
              <SequencePoints>
                <SequencePoint vc="5" uspid="37" ordinal="0" sl="37" sc="1" el="37" ec="2" bec="0" bev="0" fileid="2" />
                <SequencePoint vc="5" uspid="38" ordinal="1" sl="38" sc="1" el="38" ec="2" bec="0" bev="0" fileid="2" />
                <SequencePoint vc="5" uspid="39" ordinal="2" sl="39" sc="1" el="39" ec="2" bec="0" bev="0" fileid="2" />
              </SequencePoints>
              <BranchPoints />
              <MethodPoint vc="3" uspid="0" p8:type="SequencePoint" ordinal="1" offset="1" sc="0" sl="37" ec="1" el="39" bec="0" bev="0" fileid="2" xmlns:p8="xsi" />
            </Method>
            <Method cyclomaticComplexity="1" nPathComplexity="1" sequenceCoverage="100" branchCoverage="100" isConstructor="False" isGetter="False" isSetter="False" isStatic="True">
              <Summary numSequencePoints="3" visitedSequencePoints="3" numBranchPoints="0" visitedBranchPoints="0" sequenceCoverage="100" branchCoverage="100" maxCyclomaticComplexity="1" minCyclomaticComplexity="1" visitedClasses="0" numClasses="0" visitedMethods="1" numMethods="1" />
              <MetadataToken />
              <Name>TaskFlow.Api.Domain.TaskItem TaskFlow.Api.Services.TaskService::GetTaskById(System.Guid)</Name>
              <FileRef uid="2" />
              <SequencePoints>
                <SequencePoint vc="8" uspid="42" ordinal="0" sl="42" sc="1" el="42" ec="2" bec="0" bev="0" fileid="2" />
                <SequencePoint vc="8" uspid="43" ordinal="1" sl="43" sc="1" el="43" ec="2" bec="0" bev="0" fileid="2" />
                <SequencePoint vc="8" uspid="44" ordinal="2" sl="44" sc="1" el="44" ec="2" bec="0" bev="0" fileid="2" />
              </SequencePoints>
              <BranchPoints />
              <MethodPoint vc="3" uspid="0" p8:type="SequencePoint" ordinal="2" offset="2" sc="0" sl="42" ec="1" el="44" bec="0" bev="0" fileid="2" xmlns:p8="xsi" />
            </Method>
            <Method cyclomaticComplexity="4" nPathComplexity="4" sequenceCoverage="100" branchCoverage="100" isConstructor="False" isGetter="False" isSetter="False" isStatic="True">
              <Summary numSequencePoints="13" visitedSequencePoints="13" numBranchPoints="4" visitedBranchPoints="4" sequenceCoverage="100" branchCoverage="100" maxCyclomaticComplexity="4" minCyclomaticComplexity="4" visitedClasses="0" numClasses="0" visitedMethods="1" numMethods="1" />
              <MetadataToken />
              <Name>TaskFlow.Api.Domain.TaskItem TaskFlow.Api.Services.TaskService::UpdateTask(System.Guid,System.String,System.String)</Name>
              <FileRef uid="2" />
              <SequencePoints>
                <SequencePoint vc="6" uspid="47" ordinal="0" sl="47" sc="1" el="47" ec="2" bec="0" bev="0" fileid="2" />
                <SequencePoint vc="6" uspid="48" ordinal="1" sl="48" sc="1" el="48" ec="2" bec="2" bev="2" fileid="2" />
                <SequencePoint vc="1" uspid="49" ordinal="2" sl="49" sc="1" el="49" ec="2" bec="0" bev="0" fileid="2" />
                <SequencePoint vc="1" uspid="50" ordinal="3" sl="50" sc="1" el="50" ec="2" bec="0" bev="0" fileid="2" />
                <SequencePoint vc="5" uspid="53" ordinal="4" sl="53" sc="1" el="53" ec="2" bec="0" bev="0" fileid="2" />
                <SequencePoint vc="5" uspid="55" ordinal="5" sl="55" sc="1" el="55" ec="2" bec="2" bev="2" fileid="2" />
                <SequencePoint vc="2" uspid="56" ordinal="6" sl="56" sc="1" el="56" ec="2" bec="0" bev="0" fileid="2" />
                <SequencePoint vc="2" uspid="57" ordinal="7" sl="57" sc="1" el="57" ec="2" bec="0" bev="0" fileid="2" />
                <SequencePoint vc="3" uspid="60" ordinal="8" sl="60" sc="1" el="60" ec="2" bec="0" bev="0" fileid="2" />
                <SequencePoint vc="3" uspid="61" ordinal="9" sl="61" sc="1" el="61" ec="2" bec="0" bev="0" fileid="2" />
                <SequencePoint vc="3" uspid="63" ordinal="10" sl="63" sc="1" el="63" ec="2" bec="0" bev="0" fileid="2" />
                <SequencePoint vc="3" uspid="65" ordinal="11" sl="65" sc="1" el="65" ec="2" bec="0" bev="0" fileid="2" />
                <SequencePoint vc="3" uspid="66" ordinal="12" sl="66" sc="1" el="66" ec="2" bec="0" bev="0" fileid="2" />
              </SequencePoints>
              <BranchPoints>
                <BranchPoint vc="1" uspid="48" ordinal="0" path="0" offset="9" offsetend="11" sl="48" fileid="2" />
                <BranchPoint vc="5" uspid="48" ordinal="1" path="1" offset="9" offsetend="23" sl="48" fileid="2" />
                <BranchPoint vc="2" uspid="55" ordinal="2" path="0" offset="42" offsetend="44" sl="55" fileid="2" />
                <BranchPoint vc="3" uspid="55" ordinal="3" path="1" offset="42" offsetend="56" sl="55" fileid="2" />
              </BranchPoints>
              <MethodPoint vc="13" uspid="0" p8:type="SequencePoint" ordinal="3" offset="3" sc="0" sl="47" ec="1" el="66" bec="0" bev="0" fileid="2" xmlns:p8="xsi" />
            </Method>
            <Method cyclomaticComplexity="2" nPathComplexity="2" sequenceCoverage="100" branchCoverage="100" isConstructor="False" isGetter="False" isSetter="False" isStatic="True">
              <Summary numSequencePoints="9" visitedSequencePoints="9" numBranchPoints="2" visitedBranchPoints="2" sequenceCoverage="100" branchCoverage="100" maxCyclomaticComplexity="2" minCyclomaticComplexity="2" visitedClasses="0" numClasses="0" visitedMethods="1" numMethods="1" />
              <MetadataToken />
              <Name>TaskFlow.Api.Domain.TaskItem TaskFlow.Api.Services.TaskService::CompleteTask(System.Guid)</Name>
              <FileRef uid="2" />
              <SequencePoints>
                <SequencePoint vc="3" uspid="69" ordinal="0" sl="69" sc="1" el="69" ec="2" bec="0" bev="0" fileid="2" />
                <SequencePoint vc="3" uspid="70" ordinal="1" sl="70" sc="1" el="70" ec="2" bec="0" bev="0" fileid="2" />
                <SequencePoint vc="3" uspid="72" ordinal="2" sl="72" sc="1" el="72" ec="2" bec="2" bev="2" fileid="2" />
                <SequencePoint vc="1" uspid="73" ordinal="3" sl="73" sc="1" el="73" ec="2" bec="0" bev="0" fileid="2" />
                <SequencePoint vc="1" uspid="74" ordinal="4" sl="74" sc="1" el="74" ec="2" bec="0" bev="0" fileid="2" />
                <SequencePoint vc="2" uspid="77" ordinal="5" sl="77" sc="1" el="77" ec="2" bec="0" bev="0" fileid="2" />
                <SequencePoint vc="2" uspid="79" ordinal="6" sl="79" sc="1" el="79" ec="2" bec="0" bev="0" fileid="2" />
                <SequencePoint vc="2" uspid="81" ordinal="7" sl="81" sc="1" el="81" ec="2" bec="0" bev="0" fileid="2" />
                <SequencePoint vc="2" uspid="82" ordinal="8" sl="82" sc="1" el="82" ec="2" bec="0" bev="0" fileid="2" />
              </SequencePoints>
              <BranchPoints>
                <BranchPoint vc="1" uspid="72" ordinal="0" path="0" offset="20" offsetend="22" sl="72" fileid="2" />
                <BranchPoint vc="2" uspid="72" ordinal="1" path="1" offset="20" offsetend="34" sl="72" fileid="2" />
              </BranchPoints>
              <MethodPoint vc="9" uspid="0" p8:type="SequencePoint" ordinal="4" offset="4" sc="0" sl="69" ec="1" el="82" bec="0" bev="0" fileid="2" xmlns:p8="xsi" />
            </Method>
            <Method cyclomaticComplexity="2" nPathComplexity="2" sequenceCoverage="100" branchCoverage="100" isConstructor="False" isGetter="False" isSetter="False" isStatic="True">
              <Summary numSequencePoints="7" visitedSequencePoints="7" numBranchPoints="2" visitedBranchPoints="2" sequenceCoverage="100" branchCoverage="100" maxCyclomaticComplexity="2" minCyclomaticComplexity="2" visitedClasses="0" numClasses="0" visitedMethods="1" numMethods="1" />
              <MetadataToken />
              <Name>System.Void TaskFlow.Api.Services.TaskService::DeleteTask(System.Guid)</Name>
              <FileRef uid="2" />
              <SequencePoints>
                <SequencePoint vc="4" uspid="85" ordinal="0" sl="85" sc="1" el="85" ec="2" bec="0" bev="0" fileid="2" />
                <SequencePoint vc="4" uspid="86" ordinal="1" sl="86" sc="1" el="86" ec="2" bec="0" bev="0" fileid="2" />
                <SequencePoint vc="4" uspid="88" ordinal="2" sl="88" sc="1" el="88" ec="2" bec="2" bev="2" fileid="2" />
                <SequencePoint vc="1" uspid="89" ordinal="3" sl="89" sc="1" el="89" ec="2" bec="0" bev="0" fileid="2" />
                <SequencePoint vc="1" uspid="90" ordinal="4" sl="90" sc="1" el="90" ec="2" bec="0" bev="0" fileid="2" />
                <SequencePoint vc="3" uspid="93" ordinal="5" sl="93" sc="1" el="93" ec="2" bec="0" bev="0" fileid="2" />
                <SequencePoint vc="3" uspid="94" ordinal="6" sl="94" sc="1" el="94" ec="2" bec="0" bev="0" fileid="2" />
              </SequencePoints>
              <BranchPoints>
                <BranchPoint vc="1" uspid="88" ordinal="0" path="0" offset="20" offsetend="22" sl="88" fileid="2" />
                <BranchPoint vc="3" uspid="88" ordinal="1" path="1" offset="20" offsetend="34" sl="88" fileid="2" />
              </BranchPoints>
              <MethodPoint vc="7" uspid="0" p8:type="SequencePoint" ordinal="5" offset="5" sc="0" sl="85" ec="1" el="94" bec="0" bev="0" fileid="2" xmlns:p8="xsi" />
            </Method>
            <Method cyclomaticComplexity="1" nPathComplexity="1" sequenceCoverage="100" branchCoverage="100" isConstructor="True" isGetter="False" isSetter="False" isStatic="True">
              <Summary numSequencePoints="4" visitedSequencePoints="4" numBranchPoints="0" visitedBranchPoints="0" sequenceCoverage="100" branchCoverage="100" maxCyclomaticComplexity="1" minCyclomaticComplexity="1" visitedClasses="0" numClasses="0" visitedMethods="1" numMethods="1" />
              <MetadataToken />
              <Name>System.Void TaskFlow.Api.Services.TaskService::.ctor(TaskFlow.Api.Repositories.ITaskRepository)</Name>
              <FileRef uid="2" />
              <SequencePoints>
                <SequencePoint vc="37" uspid="11" ordinal="0" sl="11" sc="1" el="11" ec="2" bec="0" bev="0" fileid="2" />
                <SequencePoint vc="37" uspid="12" ordinal="1" sl="12" sc="1" el="12" ec="2" bec="0" bev="0" fileid="2" />
                <SequencePoint vc="37" uspid="13" ordinal="2" sl="13" sc="1" el="13" ec="2" bec="0" bev="0" fileid="2" />
                <SequencePoint vc="37" uspid="14" ordinal="3" sl="14" sc="1" el="14" ec="2" bec="0" bev="0" fileid="2" />
              </SequencePoints>
              <BranchPoints />
              <MethodPoint vc="4" uspid="0" p8:type="SequencePoint" ordinal="6" offset="6" sc="0" sl="11" ec="1" el="14" bec="0" bev="0" fileid="2" xmlns:p8="xsi" />
            </Method>
          </Methods>
        </Class>
        <Class>
          <Summary numSequencePoints="26" visitedSequencePoints="24" numBranchPoints="4" visitedBranchPoints="3" sequenceCoverage="92.3" branchCoverage="75" maxCyclomaticComplexity="2" minCyclomaticComplexity="1" visitedClasses="1" numClasses="1" visitedMethods="6" numMethods="6" />
          <FullName>TaskFlow.Api.Repositories.InMemory.InMemoryTaskRepository</FullName>
          <Methods>
            <Method cyclomaticComplexity="1" nPathComplexity="1" sequenceCoverage="100" branchCoverage="100" isConstructor="False" isGetter="False" isSetter="False" isStatic="True">
              <Summary numSequencePoints="3" visitedSequencePoints="3" numBranchPoints="0" visitedBranchPoints="0" sequenceCoverage="100" branchCoverage="100" maxCyclomaticComplexity="1" minCyclomaticComplexity="1" visitedClasses="0" numClasses="0" visitedMethods="1" numMethods="1" />
              <MetadataToken />
              <Name>System.Void TaskFlow.Api.Repositories.InMemory.InMemoryTaskRepository::Add(TaskFlow.Api.Domain.TaskItem)</Name>
              <FileRef uid="3" />
              <SequencePoints>
                <SequencePoint vc="10" uspid="13" ordinal="0" sl="13" sc="1" el="13" ec="2" bec="0" bev="0" fileid="3" />
                <SequencePoint vc="10" uspid="14" ordinal="1" sl="14" sc="1" el="14" ec="2" bec="0" bev="0" fileid="3" />
                <SequencePoint vc="10" uspid="15" ordinal="2" sl="15" sc="1" el="15" ec="2" bec="0" bev="0" fileid="3" />
              </SequencePoints>
              <BranchPoints />
              <MethodPoint vc="3" uspid="0" p8:type="SequencePoint" ordinal="0" offset="0" sc="0" sl="13" ec="1" el="15" bec="0" bev="0" fileid="3" xmlns:p8="xsi" />
            </Method>
            <Method cyclomaticComplexity="1" nPathComplexity="1" sequenceCoverage="100" branchCoverage="100" isConstructor="False" isGetter="False" isSetter="False" isStatic="True">
              <Summary numSequencePoints="3" visitedSequencePoints="3" numBranchPoints="0" visitedBranchPoints="0" sequenceCoverage="100" branchCoverage="100" maxCyclomaticComplexity="1" minCyclomaticComplexity="1" visitedClasses="0" numClasses="0" visitedMethods="1" numMethods="1" />
              <MetadataToken />
              <Name>TaskFlow.Api.Domain.TaskItem TaskFlow.Api.Repositories.InMemory.InMemoryTaskRepository::GetById(System.Guid)</Name>
              <FileRef uid="3" />
              <SequencePoints>
                <SequencePoint vc="13" uspid="18" ordinal="0" sl="18" sc="1" el="18" ec="2" bec="0" bev="0" fileid="3" />
                <SequencePoint vc="23" uspid="19" ordinal="1" sl="19" sc="1" el="19" ec="2" bec="0" bev="0" fileid="3" />
                <SequencePoint vc="13" uspid="20" ordinal="2" sl="20" sc="1" el="20" ec="2" bec="0" bev="0" fileid="3" />
              </SequencePoints>
              <BranchPoints />
              <MethodPoint vc="3" uspid="0" p8:type="SequencePoint" ordinal="1" offset="1" sc="0" sl="18" ec="1" el="20" bec="0" bev="0" fileid="3" xmlns:p8="xsi" />
            </Method>
            <Method cyclomaticComplexity="1" nPathComplexity="1" sequenceCoverage="100" branchCoverage="100" isConstructor="False" isGetter="False" isSetter="False" isStatic="True">
              <Summary numSequencePoints="3" visitedSequencePoints="3" numBranchPoints="0" visitedBranchPoints="0" sequenceCoverage="100" branchCoverage="100" maxCyclomaticComplexity="1" minCyclomaticComplexity="1" visitedClasses="0" numClasses="0" visitedMethods="1" numMethods="1" />
              <MetadataToken />
              <Name>System.Collections.Generic.IList`1&lt;TaskFlow.Api.Domain.TaskItem&gt; TaskFlow.Api.Repositories.InMemory.InMemoryTaskRepository::GetAll()</Name>
              <FileRef uid="3" />
              <SequencePoints>
                <SequencePoint vc="2" uspid="23" ordinal="0" sl="23" sc="1" el="23" ec="2" bec="0" bev="0" fileid="3" />
                <SequencePoint vc="2" uspid="24" ordinal="1" sl="24" sc="1" el="24" ec="2" bec="0" bev="0" fileid="3" />
                <SequencePoint vc="2" uspid="25" ordinal="2" sl="25" sc="1" el="25" ec="2" bec="0" bev="0" fileid="3" />
              </SequencePoints>
              <BranchPoints />
              <MethodPoint vc="3" uspid="0" p8:type="SequencePoint" ordinal="2" offset="2" sc="0" sl="23" ec="1" el="25" bec="0" bev="0" fileid="3" xmlns:p8="xsi" />
            </Method>
            <Method cyclomaticComplexity="2" nPathComplexity="2" sequenceCoverage="77.77" branchCoverage="50" isConstructor="False" isGetter="False" isSetter="False" isStatic="True">
              <Summary numSequencePoints="9" visitedSequencePoints="7" numBranchPoints="2" visitedBranchPoints="1" sequenceCoverage="77.77" branchCoverage="50" maxCyclomaticComplexity="2" minCyclomaticComplexity="2" visitedClasses="0" numClasses="0" visitedMethods="1" numMethods="1" />
              <MetadataToken />
              <Name>System.Void TaskFlow.Api.Repositories.InMemory.InMemoryTaskRepository::Update(TaskFlow.Api.Domain.TaskItem)</Name>
              <FileRef uid="3" />
              <SequencePoints>
                <SequencePoint vc="3" uspid="28" ordinal="0" sl="28" sc="1" el="28" ec="2" bec="0" bev="0" fileid="3" />
                <SequencePoint vc="3" uspid="29" ordinal="1" sl="29" sc="1" el="29" ec="2" bec="0" bev="0" fileid="3" />
                <SequencePoint vc="3" uspid="31" ordinal="2" sl="31" sc="1" el="31" ec="2" bec="2" bev="1" fileid="3" />
                <SequencePoint vc="0" uspid="32" ordinal="3" sl="32" sc="1" el="32" ec="2" bec="0" bev="0" fileid="3" />
                <SequencePoint vc="0" uspid="33" ordinal="4" sl="33" sc="1" el="33" ec="2" bec="0" bev="0" fileid="3" />
                <SequencePoint vc="3" uspid="36" ordinal="5" sl="36" sc="1" el="36" ec="2" bec="0" bev="0" fileid="3" />
                <SequencePoint vc="3" uspid="37" ordinal="6" sl="37" sc="1" el="37" ec="2" bec="0" bev="0" fileid="3" />
                <SequencePoint vc="3" uspid="38" ordinal="7" sl="38" sc="1" el="38" ec="2" bec="0" bev="0" fileid="3" />
                <SequencePoint vc="3" uspid="39" ordinal="8" sl="39" sc="1" el="39" ec="2" bec="0" bev="0" fileid="3" />
              </SequencePoints>
              <BranchPoints>
                <BranchPoint vc="0" uspid="31" ordinal="0" path="0" offset="20" offsetend="22" sl="31" fileid="3" />
                <BranchPoint vc="3" uspid="31" ordinal="1" path="1" offset="20" offsetend="25" sl="31" fileid="3" />
              </BranchPoints>
              <MethodPoint vc="7" uspid="0" p8:type="SequencePoint" ordinal="3" offset="3" sc="0" sl="28" ec="1" el="39" bec="0" bev="0" fileid="3" xmlns:p8="xsi" />
            </Method>
            <Method cyclomaticComplexity="2" nPathComplexity="2" sequenceCoverage="100" branchCoverage="100" isConstructor="False" isGetter="False" isSetter="False" isStatic="True">
              <Summary numSequencePoints="7" visitedSequencePoints="7" numBranchPoints="2" visitedBranchPoints="2" sequenceCoverage="100" branchCoverage="100" maxCyclomaticComplexity="2" minCyclomaticComplexity="2" visitedClasses="0" numClasses="0" visitedMethods="1" numMethods="1" />
              <MetadataToken />
              <Name>System.Void TaskFlow.Api.Repositories.InMemory.InMemoryTaskRepository::Delete(System.Guid)</Name>
              <FileRef uid="3" />
              <SequencePoints>
                <SequencePoint vc="1" uspid="42" ordinal="0" sl="42" sc="1" el="42" ec="2" bec="0" bev="0" fileid="3" />
                <SequencePoint vc="1" uspid="43" ordinal="1" sl="43" sc="1" el="43" ec="2" bec="0" bev="0" fileid="3" />
                <SequencePoint vc="1" uspid="45" ordinal="2" sl="45" sc="1" el="45" ec="2" bec="2" bev="2" fileid="3" />
                <SequencePoint vc="1" uspid="46" ordinal="3" sl="46" sc="1" el="46" ec="2" bec="0" bev="0" fileid="3" />
                <SequencePoint vc="1" uspid="47" ordinal="4" sl="47" sc="1" el="47" ec="2" bec="0" bev="0" fileid="3" />
                <SequencePoint vc="1" uspid="48" ordinal="5" sl="48" sc="1" el="48" ec="2" bec="0" bev="0" fileid="3" />
                <SequencePoint vc="1" uspid="49" ordinal="6" sl="49" sc="1" el="49" ec="2" bec="0" bev="0" fileid="3" />
              </SequencePoints>
              <BranchPoints>
                <BranchPoint vc="1" uspid="45" ordinal="0" path="0" offset="15" offsetend="17" sl="45" fileid="3" />
                <BranchPoint vc="1" uspid="45" ordinal="1" path="1" offset="15" offsetend="32" sl="45" fileid="3" />
              </BranchPoints>
              <MethodPoint vc="7" uspid="0" p8:type="SequencePoint" ordinal="4" offset="4" sc="0" sl="42" ec="1" el="49" bec="0" bev="0" fileid="3" xmlns:p8="xsi" />
            </Method>
            <Method cyclomaticComplexity="1" nPathComplexity="1" sequenceCoverage="100" branchCoverage="100" isConstructor="True" isGetter="False" isSetter="False" isStatic="True">
              <Summary numSequencePoints="1" visitedSequencePoints="1" numBranchPoints="0" visitedBranchPoints="0" sequenceCoverage="100" branchCoverage="100" maxCyclomaticComplexity="1" minCyclomaticComplexity="1" visitedClasses="0" numClasses="0" visitedMethods="1" numMethods="1" />
              <MetadataToken />
              <Name>System.Void TaskFlow.Api.Repositories.InMemory.InMemoryTaskRepository::.ctor()</Name>
              <FileRef uid="3" />
              <SequencePoints>
                <SequencePoint vc="11" uspid="10" ordinal="0" sl="10" sc="1" el="10" ec="2" bec="0" bev="0" fileid="3" />
              </SequencePoints>
              <BranchPoints />
              <MethodPoint vc="1" uspid="0" p8:type="SequencePoint" ordinal="5" offset="5" sc="0" sl="10" ec="1" el="10" bec="0" bev="0" fileid="3" xmlns:p8="xsi" />
            </Method>
          </Methods>
        </Class>
        <Class>
          <Summary numSequencePoints="71" visitedSequencePoints="64" numBranchPoints="4" visitedBranchPoints="3" sequenceCoverage="90.14" branchCoverage="75" maxCyclomaticComplexity="4" minCyclomaticComplexity="4" visitedClasses="1" numClasses="1" visitedMethods="1" numMethods="1" />
          <FullName>TaskFlow.Api.Endpoints.TaskEndpoints</FullName>
          <Methods>
            <Method cyclomaticComplexity="4" nPathComplexity="4" sequenceCoverage="90.14" branchCoverage="75" isConstructor="False" isGetter="False" isSetter="False" isStatic="True">
              <Summary numSequencePoints="71" visitedSequencePoints="64" numBranchPoints="4" visitedBranchPoints="3" sequenceCoverage="90.14" branchCoverage="75" maxCyclomaticComplexity="4" minCyclomaticComplexity="4" visitedClasses="0" numClasses="0" visitedMethods="1" numMethods="1" />
              <MetadataToken />
              <Name>System.Void TaskFlow.Api.Endpoints.TaskEndpoints::MapTaskEndpoints(Microsoft.AspNetCore.Builder.WebApplication)</Name>
              <FileRef uid="4" />
              <SequencePoints>
                <SequencePoint vc="11" uspid="12" ordinal="0" sl="12" sc="1" el="12" ec="2" bec="0" bev="0" fileid="4" />
                <SequencePoint vc="11" uspid="13" ordinal="1" sl="13" sc="1" el="13" ec="2" bec="0" bev="0" fileid="4" />
                <SequencePoint vc="11" uspid="14" ordinal="2" sl="14" sc="1" el="14" ec="2" bec="0" bev="0" fileid="4" />
                <SequencePoint vc="11" uspid="15" ordinal="3" sl="15" sc="1" el="15" ec="2" bec="0" bev="0" fileid="4" />
                <SequencePoint vc="11" uspid="16" ordinal="4" sl="16" sc="1" el="16" ec="2" bec="0" bev="0" fileid="4" />
                <SequencePoint vc="11" uspid="17" ordinal="5" sl="17" sc="1" el="17" ec="2" bec="0" bev="0" fileid="4" />
                <SequencePoint vc="10" uspid="18" ordinal="6" sl="18" sc="1" el="18" ec="2" bec="0" bev="0" fileid="4" />
                <SequencePoint vc="11" uspid="19" ordinal="7" sl="19" sc="1" el="19" ec="2" bec="0" bev="0" fileid="4" />
                <SequencePoint vc="1" uspid="20" ordinal="8" sl="20" sc="1" el="20" ec="2" bec="0" bev="0" fileid="4" />
                <SequencePoint vc="1" uspid="21" ordinal="9" sl="21" sc="1" el="21" ec="2" bec="0" bev="0" fileid="4" />
                <SequencePoint vc="1" uspid="22" ordinal="10" sl="22" sc="1" el="22" ec="2" bec="0" bev="0" fileid="4" />
                <SequencePoint vc="11" uspid="23" ordinal="11" sl="23" sc="1" el="23" ec="2" bec="0" bev="0" fileid="4" />
                <SequencePoint vc="22" uspid="24" ordinal="12" sl="24" sc="1" el="24" ec="2" bec="0" bev="0" fileid="4" />
                <SequencePoint vc="11" uspid="26" ordinal="13" sl="26" sc="1" el="26" ec="2" bec="0" bev="0" fileid="4" />
                <SequencePoint vc="2" uspid="27" ordinal="14" sl="27" sc="1" el="27" ec="2" bec="0" bev="0" fileid="4" />
                <SequencePoint vc="2" uspid="28" ordinal="15" sl="28" sc="1" el="28" ec="2" bec="0" bev="0" fileid="4" />
                <SequencePoint vc="2" uspid="29" ordinal="16" sl="29" sc="1" el="29" ec="2" bec="0" bev="0" fileid="4" />
                <SequencePoint vc="13" uspid="30" ordinal="17" sl="30" sc="1" el="30" ec="2" bec="0" bev="0" fileid="4" />
                <SequencePoint vc="11" uspid="32" ordinal="18" sl="32" sc="1" el="32" ec="2" bec="0" bev="0" fileid="4" />
                <SequencePoint vc="4" uspid="33" ordinal="19" sl="33" sc="1" el="33" ec="2" bec="0" bev="0" fileid="4" />
                <SequencePoint vc="4" uspid="34" ordinal="20" sl="34" sc="1" el="34" ec="2" bec="0" bev="0" fileid="4" />
                <SequencePoint vc="11" uspid="35" ordinal="21" sl="35" sc="1" el="35" ec="2" bec="0" bev="0" fileid="4" />
                <SequencePoint vc="4" uspid="36" ordinal="22" sl="36" sc="1" el="36" ec="2" bec="2" bev="2" fileid="4" />
                <SequencePoint vc="2" uspid="37" ordinal="23" sl="37" sc="1" el="37" ec="2" bec="0" bev="0" fileid="4" />
                <SequencePoint vc="2" uspid="38" ordinal="24" sl="38" sc="1" el="38" ec="2" bec="0" bev="0" fileid="4" />
                <SequencePoint vc="11" uspid="39" ordinal="25" sl="39" sc="1" el="39" ec="2" bec="0" bev="0" fileid="4" />
                <SequencePoint vc="11" uspid="40" ordinal="26" sl="40" sc="1" el="40" ec="2" bec="0" bev="0" fileid="4" />
                <SequencePoint vc="2" uspid="41" ordinal="27" sl="41" sc="1" el="41" ec="2" bec="0" bev="0" fileid="4" />
                <SequencePoint vc="15" uspid="42" ordinal="28" sl="42" sc="1" el="42" ec="2" bec="0" bev="0" fileid="4" />
                <SequencePoint vc="11" uspid="44" ordinal="29" sl="44" sc="1" el="44" ec="2" bec="0" bev="0" fileid="4" />
                <SequencePoint vc="3" uspid="45" ordinal="30" sl="45" sc="1" el="45" ec="2" bec="0" bev="0" fileid="4" />
                <SequencePoint vc="11" uspid="46" ordinal="31" sl="46" sc="1" el="46" ec="2" bec="0" bev="0" fileid="4" />
                <SequencePoint vc="3" uspid="47" ordinal="32" sl="47" sc="1" el="47" ec="2" bec="0" bev="0" fileid="4" />
                <SequencePoint vc="3" uspid="48" ordinal="33" sl="48" sc="1" el="48" ec="2" bec="0" bev="0" fileid="4" />
                <SequencePoint vc="2" uspid="49" ordinal="34" sl="49" sc="1" el="49" ec="2" bec="0" bev="0" fileid="4" />
                <SequencePoint vc="11" uspid="50" ordinal="35" sl="50" sc="1" el="50" ec="2" bec="0" bev="0" fileid="4" />
                <SequencePoint vc="1" uspid="51" ordinal="36" sl="51" sc="1" el="51" ec="2" bec="0" bev="0" fileid="4" />
                <SequencePoint vc="1" uspid="52" ordinal="37" sl="52" sc="1" el="52" ec="2" bec="0" bev="0" fileid="4" />
                <SequencePoint vc="1" uspid="53" ordinal="38" sl="53" sc="1" el="53" ec="2" bec="2" bev="1" fileid="4" />
                <SequencePoint vc="1" uspid="54" ordinal="39" sl="54" sc="1" el="54" ec="2" bec="0" bev="0" fileid="4" />
                <SequencePoint vc="1" uspid="55" ordinal="40" sl="55" sc="1" el="55" ec="2" bec="0" bev="0" fileid="4" />
                <SequencePoint vc="11" uspid="56" ordinal="41" sl="56" sc="1" el="56" ec="2" bec="0" bev="0" fileid="4" />
                <SequencePoint vc="11" uspid="57" ordinal="42" sl="57" sc="1" el="57" ec="2" bec="0" bev="0" fileid="4" />
                <SequencePoint vc="0" uspid="58" ordinal="43" sl="58" sc="1" el="58" ec="2" bec="0" bev="0" fileid="4" />
                <SequencePoint vc="11" uspid="59" ordinal="44" sl="59" sc="1" el="59" ec="2" bec="0" bev="0" fileid="4" />
                <SequencePoint vc="14" uspid="60" ordinal="45" sl="60" sc="1" el="60" ec="2" bec="0" bev="0" fileid="4" />
                <SequencePoint vc="11" uspid="62" ordinal="46" sl="62" sc="1" el="62" ec="2" bec="0" bev="0" fileid="4" />
                <SequencePoint vc="1" uspid="63" ordinal="47" sl="63" sc="1" el="63" ec="2" bec="0" bev="0" fileid="4" />
                <SequencePoint vc="11" uspid="64" ordinal="48" sl="64" sc="1" el="64" ec="2" bec="0" bev="0" fileid="4" />
                <SequencePoint vc="1" uspid="65" ordinal="49" sl="65" sc="1" el="65" ec="2" bec="0" bev="0" fileid="4" />
                <SequencePoint vc="1" uspid="66" ordinal="50" sl="66" sc="1" el="66" ec="2" bec="0" bev="0" fileid="4" />
                <SequencePoint vc="1" uspid="67" ordinal="51" sl="67" sc="1" el="67" ec="2" bec="0" bev="0" fileid="4" />
                <SequencePoint vc="11" uspid="68" ordinal="52" sl="68" sc="1" el="68" ec="2" bec="0" bev="0" fileid="4" />
                <SequencePoint vc="0" uspid="69" ordinal="53" sl="69" sc="1" el="69" ec="2" bec="0" bev="0" fileid="4" />
                <SequencePoint vc="0" uspid="70" ordinal="54" sl="70" sc="1" el="70" ec="2" bec="0" bev="0" fileid="4" />
                <SequencePoint vc="0" uspid="71" ordinal="55" sl="71" sc="1" el="71" ec="2" bec="0" bev="0" fileid="4" />
                <SequencePoint vc="11" uspid="72" ordinal="56" sl="72" sc="1" el="72" ec="2" bec="0" bev="0" fileid="4" />
                <SequencePoint vc="12" uspid="73" ordinal="57" sl="73" sc="1" el="73" ec="2" bec="0" bev="0" fileid="4" />
                <SequencePoint vc="11" uspid="75" ordinal="58" sl="75" sc="1" el="75" ec="2" bec="0" bev="0" fileid="4" />
                <SequencePoint vc="1" uspid="76" ordinal="59" sl="76" sc="1" el="76" ec="2" bec="0" bev="0" fileid="4" />
                <SequencePoint vc="11" uspid="77" ordinal="60" sl="77" sc="1" el="77" ec="2" bec="0" bev="0" fileid="4" />
                <SequencePoint vc="1" uspid="78" ordinal="61" sl="78" sc="1" el="78" ec="2" bec="0" bev="0" fileid="4" />
                <SequencePoint vc="1" uspid="79" ordinal="62" sl="79" sc="1" el="79" ec="2" bec="0" bev="0" fileid="4" />
                <SequencePoint vc="1" uspid="80" ordinal="63" sl="80" sc="1" el="80" ec="2" bec="0" bev="0" fileid="4" />
                <SequencePoint vc="11" uspid="81" ordinal="64" sl="81" sc="1" el="81" ec="2" bec="0" bev="0" fileid="4" />
                <SequencePoint vc="0" uspid="82" ordinal="65" sl="82" sc="1" el="82" ec="2" bec="0" bev="0" fileid="4" />
                <SequencePoint vc="0" uspid="83" ordinal="66" sl="83" sc="1" el="83" ec="2" bec="0" bev="0" fileid="4" />
                <SequencePoint vc="0" uspid="84" ordinal="67" sl="84" sc="1" el="84" ec="2" bec="0" bev="0" fileid="4" />
                <SequencePoint vc="11" uspid="85" ordinal="68" sl="85" sc="1" el="85" ec="2" bec="0" bev="0" fileid="4" />
                <SequencePoint vc="12" uspid="86" ordinal="69" sl="86" sc="1" el="86" ec="2" bec="0" bev="0" fileid="4" />
                <SequencePoint vc="11" uspid="87" ordinal="70" sl="87" sc="1" el="87" ec="2" bec="0" bev="0" fileid="4" />
              </SequencePoints>
              <BranchPoints>
                <BranchPoint vc="2" uspid="36" ordinal="0" path="0" offset="15" offsetend="17" sl="36" fileid="4" />
                <BranchPoint vc="2" uspid="36" ordinal="1" path="1" offset="15" offsetend="36" sl="36" fileid="4" />
                <BranchPoint vc="1" uspid="53" ordinal="0" path="0" offset="51" offsetend="53" sl="53" fileid="4" />
                <BranchPoint vc="0" uspid="53" ordinal="1" path="1" offset="51" offsetend="73" sl="53" fileid="4" />
              </BranchPoints>
              <MethodPoint vc="64" uspid="0" p8:type="SequencePoint" ordinal="0" offset="0" sc="0" sl="12" ec="1" el="87" bec="0" bev="0" fileid="4" xmlns:p8="xsi" />
            </Method>
          </Methods>
        </Class>
        <Class>
          <Summary numSequencePoints="4" visitedSequencePoints="4" numBranchPoints="0" visitedBranchPoints="0" sequenceCoverage="100" branchCoverage="100" maxCyclomaticComplexity="1" minCyclomaticComplexity="1" visitedClasses="1" numClasses="1" visitedMethods="4" numMethods="4" />
          <FullName>TaskFlow.Api.Domain.TaskItem</FullName>
          <Methods>
            <Method cyclomaticComplexity="1" nPathComplexity="1" sequenceCoverage="100" branchCoverage="100" isConstructor="False" isGetter="True" isSetter="False" isStatic="True">
              <Summary numSequencePoints="1" visitedSequencePoints="1" numBranchPoints="0" visitedBranchPoints="0" sequenceCoverage="100" branchCoverage="100" maxCyclomaticComplexity="1" minCyclomaticComplexity="1" visitedClasses="0" numClasses="0" visitedMethods="1" numMethods="1" />
              <MetadataToken />
              <Name>System.Guid TaskFlow.Api.Domain.TaskItem::get_Id()</Name>
              <FileRef uid="5" />
              <SequencePoints>
                <SequencePoint vc="91" uspid="7" ordinal="0" sl="7" sc="1" el="7" ec="2" bec="0" bev="0" fileid="5" />
              </SequencePoints>
              <BranchPoints />
              <MethodPoint vc="1" uspid="0" p8:type="SequencePoint" ordinal="0" offset="0" sc="0" sl="7" ec="1" el="7" bec="0" bev="0" fileid="5" xmlns:p8="xsi" />
            </Method>
            <Method cyclomaticComplexity="1" nPathComplexity="1" sequenceCoverage="100" branchCoverage="100" isConstructor="False" isGetter="True" isSetter="False" isStatic="True">
              <Summary numSequencePoints="1" visitedSequencePoints="1" numBranchPoints="0" visitedBranchPoints="0" sequenceCoverage="100" branchCoverage="100" maxCyclomaticComplexity="1" minCyclomaticComplexity="1" visitedClasses="0" numClasses="0" visitedMethods="1" numMethods="1" />
              <MetadataToken />
              <Name>System.String TaskFlow.Api.Domain.TaskItem::get_Title()</Name>
              <FileRef uid="5" />
              <SequencePoints>
                <SequencePoint vc="58" uspid="8" ordinal="0" sl="8" sc="1" el="8" ec="2" bec="0" bev="0" fileid="5" />
              </SequencePoints>
              <BranchPoints />
              <MethodPoint vc="1" uspid="0" p8:type="SequencePoint" ordinal="1" offset="1" sc="0" sl="8" ec="1" el="8" bec="0" bev="0" fileid="5" xmlns:p8="xsi" />
            </Method>
            <Method cyclomaticComplexity="1" nPathComplexity="1" sequenceCoverage="100" branchCoverage="100" isConstructor="False" isGetter="True" isSetter="False" isStatic="True">
              <Summary numSequencePoints="1" visitedSequencePoints="1" numBranchPoints="0" visitedBranchPoints="0" sequenceCoverage="100" branchCoverage="100" maxCyclomaticComplexity="1" minCyclomaticComplexity="1" visitedClasses="0" numClasses="0" visitedMethods="1" numMethods="1" />
              <MetadataToken />
              <Name>System.String TaskFlow.Api.Domain.TaskItem::get_Description()</Name>
              <FileRef uid="5" />
              <SequencePoints>
                <SequencePoint vc="55" uspid="9" ordinal="0" sl="9" sc="1" el="9" ec="2" bec="0" bev="0" fileid="5" />
              </SequencePoints>
              <BranchPoints />
              <MethodPoint vc="1" uspid="0" p8:type="SequencePoint" ordinal="2" offset="2" sc="0" sl="9" ec="1" el="9" bec="0" bev="0" fileid="5" xmlns:p8="xsi" />
            </Method>
            <Method cyclomaticComplexity="1" nPathComplexity="1" sequenceCoverage="100" branchCoverage="100" isConstructor="False" isGetter="True" isSetter="False" isStatic="True">
              <Summary numSequencePoints="1" visitedSequencePoints="1" numBranchPoints="0" visitedBranchPoints="0" sequenceCoverage="100" branchCoverage="100" maxCyclomaticComplexity="1" minCyclomaticComplexity="1" visitedClasses="0" numClasses="0" visitedMethods="1" numMethods="1" />
              <MetadataToken />
              <Name>System.Boolean TaskFlow.Api.Domain.TaskItem::get_IsCompleted()</Name>
              <FileRef uid="5" />
              <SequencePoints>
                <SequencePoint vc="54" uspid="10" ordinal="0" sl="10" sc="1" el="10" ec="2" bec="0" bev="0" fileid="5" />
              </SequencePoints>
              <BranchPoints />
              <MethodPoint vc="1" uspid="0" p8:type="SequencePoint" ordinal="3" offset="3" sc="0" sl="10" ec="1" el="10" bec="0" bev="0" fileid="5" xmlns:p8="xsi" />
            </Method>
          </Methods>
        </Class>
        <Class>
          <Summary numSequencePoints="2" visitedSequencePoints="2" numBranchPoints="0" visitedBranchPoints="0" sequenceCoverage="100" branchCoverage="100" maxCyclomaticComplexity="1" minCyclomaticComplexity="1" visitedClasses="1" numClasses="1" visitedMethods="2" numMethods="2" />
          <FullName>TaskFlow.Api.Contracts.CreateTaskRequest</FullName>
          <Methods>
            <Method cyclomaticComplexity="1" nPathComplexity="1" sequenceCoverage="100" branchCoverage="100" isConstructor="False" isGetter="True" isSetter="False" isStatic="True">
              <Summary numSequencePoints="1" visitedSequencePoints="1" numBranchPoints="0" visitedBranchPoints="0" sequenceCoverage="100" branchCoverage="100" maxCyclomaticComplexity="1" minCyclomaticComplexity="1" visitedClasses="0" numClasses="0" visitedMethods="1" numMethods="1" />
              <MetadataToken />
              <Name>System.String TaskFlow.Api.Contracts.CreateTaskRequest::get_Title()</Name>
              <FileRef uid="6" />
              <SequencePoints>
                <SequencePoint vc="22" uspid="5" ordinal="0" sl="5" sc="1" el="5" ec="2" bec="0" bev="0" fileid="6" />
              </SequencePoints>
              <BranchPoints />
              <MethodPoint vc="1" uspid="0" p8:type="SequencePoint" ordinal="0" offset="0" sc="0" sl="5" ec="1" el="5" bec="0" bev="0" fileid="6" xmlns:p8="xsi" />
            </Method>
            <Method cyclomaticComplexity="1" nPathComplexity="1" sequenceCoverage="100" branchCoverage="100" isConstructor="False" isGetter="True" isSetter="False" isStatic="True">
              <Summary numSequencePoints="1" visitedSequencePoints="1" numBranchPoints="0" visitedBranchPoints="0" sequenceCoverage="100" branchCoverage="100" maxCyclomaticComplexity="1" minCyclomaticComplexity="1" visitedClasses="0" numClasses="0" visitedMethods="1" numMethods="1" />
              <MetadataToken />
              <Name>System.String TaskFlow.Api.Contracts.CreateTaskRequest::get_Description()</Name>
              <FileRef uid="6" />
              <SequencePoints>
                <SequencePoint vc="22" uspid="6" ordinal="0" sl="6" sc="1" el="6" ec="2" bec="0" bev="0" fileid="6" />
              </SequencePoints>
              <BranchPoints />
              <MethodPoint vc="1" uspid="0" p8:type="SequencePoint" ordinal="1" offset="1" sc="0" sl="6" ec="1" el="6" bec="0" bev="0" fileid="6" xmlns:p8="xsi" />
            </Method>
          </Methods>
        </Class>
        <Class>
          <Summary numSequencePoints="2" visitedSequencePoints="2" numBranchPoints="0" visitedBranchPoints="0" sequenceCoverage="100" branchCoverage="100" maxCyclomaticComplexity="1" minCyclomaticComplexity="1" visitedClasses="1" numClasses="1" visitedMethods="2" numMethods="2" />
          <FullName>TaskFlow.Api.Contracts.UpdateTaskRequest</FullName>
          <Methods>
            <Method cyclomaticComplexity="1" nPathComplexity="1" sequenceCoverage="100" branchCoverage="100" isConstructor="False" isGetter="True" isSetter="False" isStatic="True">
              <Summary numSequencePoints="1" visitedSequencePoints="1" numBranchPoints="0" visitedBranchPoints="0" sequenceCoverage="100" branchCoverage="100" maxCyclomaticComplexity="1" minCyclomaticComplexity="1" visitedClasses="0" numClasses="0" visitedMethods="1" numMethods="1" />
              <MetadataToken />
              <Name>System.String TaskFlow.Api.Contracts.UpdateTaskRequest::get_Title()</Name>
              <FileRef uid="7" />
              <SequencePoints>
                <SequencePoint vc="6" uspid="5" ordinal="0" sl="5" sc="1" el="5" ec="2" bec="0" bev="0" fileid="7" />
              </SequencePoints>
              <BranchPoints />
              <MethodPoint vc="1" uspid="0" p8:type="SequencePoint" ordinal="0" offset="0" sc="0" sl="5" ec="1" el="5" bec="0" bev="0" fileid="7" xmlns:p8="xsi" />
            </Method>
            <Method cyclomaticComplexity="1" nPathComplexity="1" sequenceCoverage="100" branchCoverage="100" isConstructor="False" isGetter="True" isSetter="False" isStatic="True">
              <Summary numSequencePoints="1" visitedSequencePoints="1" numBranchPoints="0" visitedBranchPoints="0" sequenceCoverage="100" branchCoverage="100" maxCyclomaticComplexity="1" minCyclomaticComplexity="1" visitedClasses="0" numClasses="0" visitedMethods="1" numMethods="1" />
              <MetadataToken />
              <Name>System.String TaskFlow.Api.Contracts.UpdateTaskRequest::get_Description()</Name>
              <FileRef uid="7" />
              <SequencePoints>
                <SequencePoint vc="6" uspid="6" ordinal="0" sl="6" sc="1" el="6" ec="2" bec="0" bev="0" fileid="7" />
              </SequencePoints>
              <BranchPoints />
              <MethodPoint vc="1" uspid="0" p8:type="SequencePoint" ordinal="1" offset="1" sc="0" sl="6" ec="1" el="6" bec="0" bev="0" fileid="7" xmlns:p8="xsi" />
            </Method>
          </Methods>
        </Class>
      </Classes>
    </Module>
  </Modules>
</CoverageSession>